# JRE version: OpenJDK Runtime Environment (17.0.6) (build 17.0.6+0-b2043.56-10027231)
# Java VM: OpenJDK 64-Bit Server VM (17.0.6+0-b2043.56-10027231, mixed mode, tiered, compressed oops, compressed class ptrs, g1 gc, windows-amd64)
GC Precious Log:
 CPUs: 8 total, 8 available
 Memory: 16236M
 Large Page Support: Disabled
 NUMA Support: Disabled
 Compressed Oops: Enabled (Zero based)
 Heap Region Size: 2M
 Heap Min Capacity: 8M
 Heap Initial Capacity: 254M
 Heap Max Capacity: 4060M
 Pre-touch: Disabled
 Parallel Workers: 8
 Concurrent Workers: 2
 Concurrent Refinement Workers: 8
 Periodic GC: Disabled
Heap:
 garbage-first heap   total 202752K, used 131363K [0x0000000702400000, 0x0000000800000000)
  region size 2048K, 6 young (12288K), 3 survivors (6144K)
 Metaspace       used 76241K, committed 76608K, reserved 1122304K
  class space    used 8353K, committed 8512K, reserved 1048576K
GC Heap History (20 events):
Event: 18.315 GC heap before
{Heap before GC invocations=20 (full 0):
 garbage-first heap   total 155648K, used 122482K [0x0000000702400000, 0x0000000800000000)
  region size 2048K, 26 young (53248K), 3 survivors (6144K)
 Metaspace       used 60480K, committed 60736K, reserved 1105920K
  class space    used 6916K, committed 7040K, reserved 1048576K
}
Event: 18.327 GC heap after
{Heap after GC invocations=21 (full 0):
 garbage-first heap   total 155648K, used 81467K [0x0000000702400000, 0x0000000800000000)
  region size 2048K, 4 young (8192K), 4 survivors (8192K)
 Metaspace       used 60480K, committed 60736K, reserved 1105920K
  class space    used 6916K, committed 7040K, reserved 1048576K
}
Event: 19.239 GC heap before
{Heap before GC invocations=22 (full 0):
 garbage-first heap   total 155648K, used 93755K [0x0000000702400000, 0x0000000800000000)
  region size 2048K, 11 young (22528K), 4 survivors (8192K)
 Metaspace       used 60996K, committed 61312K, reserved 1105920K
  class space    used 6962K, committed 7104K, reserved 1048576K
}
Event: 19.255 GC heap after
{Heap after GC invocations=23 (full 0):
 garbage-first heap   total 155648K, used 83486K [0x0000000702400000, 0x0000000800000000)
  region size 2048K, 1 young (2048K), 1 survivors (2048K)
 Metaspace       used 60996K, committed 61312K, reserved 1105920K
  class space    used 6962K, committed 7104K, reserved 1048576K
}
Event: 21.900 GC heap before
{Heap before GC invocations=24 (full 0):
 garbage-first heap   total 155648K, used 126494K [0x0000000702400000, 0x0000000800000000)
  region size 2048K, 21 young (43008K), 1 survivors (2048K)
 Metaspace       used 61773K, committed 62080K, reserved 1105920K
  class space    used 6987K, committed 7104K, reserved 1048576K
}
Event: 21.911 GC heap after
{Heap after GC invocations=25 (full 0):
 garbage-first heap   total 155648K, used 89187K [0x0000000702400000, 0x0000000800000000)
  region size 2048K, 3 young (6144K), 3 survivors (6144K)
 Metaspace       used 61773K, committed 62080K, reserved 1105920K
  class space    used 6987K, committed 7104K, reserved 1048576K
}
Event: 23.393 GC heap before
{Heap before GC invocations=25 (full 0):
 garbage-first heap   total 155648K, used 126051K [0x0000000702400000, 0x0000000800000000)
  region size 2048K, 21 young (43008K), 3 survivors (6144K)
 Metaspace       used 62178K, committed 62528K, reserved 1105920K
  class space    used 6996K, committed 7168K, reserved 1048576K
}
Event: 23.408 GC heap after
{Heap after GC invocations=26 (full 0):
 garbage-first heap   total 188416K, used 92578K [0x0000000702400000, 0x0000000800000000)
  region size 2048K, 2 young (4096K), 2 survivors (4096K)
 Metaspace       used 62178K, committed 62528K, reserved 1105920K
  class space    used 6996K, committed 7168K, reserved 1048576K
}
Event: 24.260 GC heap before
{Heap before GC invocations=27 (full 0):
 garbage-first heap   total 188416K, used 149922K [0x0000000702400000, 0x0000000800000000)
  region size 2048K, 30 young (61440K), 2 survivors (4096K)
 Metaspace       used 62417K, committed 62720K, reserved 1105920K
  class space    used 7014K, committed 7168K, reserved 1048576K
}
Event: 24.268 GC heap after
{Heap after GC invocations=28 (full 0):
 garbage-first heap   total 188416K, used 96713K [0x0000000702400000, 0x0000000800000000)
  region size 2048K, 4 young (8192K), 4 survivors (8192K)
 Metaspace       used 62417K, committed 62720K, reserved 1105920K
  class space    used 7014K, committed 7168K, reserved 1048576K
}
Event: 24.749 GC heap before
{Heap before GC invocations=28 (full 0):
 garbage-first heap   total 188416K, used 152009K [0x0000000702400000, 0x0000000800000000)
  region size 2048K, 31 young (63488K), 4 survivors (8192K)
 Metaspace       used 62475K, committed 62784K, reserved 1105920K
  class space    used 7014K, committed 7168K, reserved 1048576K
}
Event: 24.762 GC heap after
{Heap after GC invocations=29 (full 0):
 garbage-first heap   total 188416K, used 103930K [0x0000000702400000, 0x0000000800000000)
  region size 2048K, 4 young (8192K), 4 survivors (8192K)
 Metaspace       used 62475K, committed 62784K, reserved 1105920K
  class space    used 7014K, committed 7168K, reserved 1048576K
}
Event: 26.599 GC heap before
{Heap before GC invocations=30 (full 0):
 garbage-first heap   total 188416K, used 151034K [0x0000000702400000, 0x0000000800000000)
  region size 2048K, 27 young (55296K), 4 survivors (8192K)
 Metaspace       used 64562K, committed 64896K, reserved 1114112K
  class space    used 7194K, committed 7360K, reserved 1048576K
}
Event: 26.614 GC heap after
{Heap after GC invocations=31 (full 0):
 garbage-first heap   total 188416K, used 107248K [0x0000000702400000, 0x0000000800000000)
  region size 2048K, 2 young (4096K), 2 survivors (4096K)
 Metaspace       used 64562K, committed 64896K, reserved 1114112K
  class space    used 7194K, committed 7360K, reserved 1048576K
}
Event: 28.251 GC heap before
{Heap before GC invocations=31 (full 0):
 garbage-first heap   total 188416K, used 152304K [0x0000000702400000, 0x0000000800000000)
  region size 2048K, 25 young (51200K), 2 survivors (4096K)
 Metaspace       used 71118K, committed 71424K, reserved 1114112K
  class space    used 7886K, committed 8000K, reserved 1048576K
}
Event: 28.267 GC heap after
{Heap after GC invocations=32 (full 0):
 garbage-first heap   total 188416K, used 113289K [0x0000000702400000, 0x0000000800000000)
  region size 2048K, 4 young (8192K), 4 survivors (8192K)
 Metaspace       used 71118K, committed 71424K, reserved 1114112K
  class space    used 7886K, committed 8000K, reserved 1048576K
}
Event: 29.856 GC heap before
{Heap before GC invocations=33 (full 0):
 garbage-first heap   total 202752K, used 152201K [0x0000000702400000, 0x0000000800000000)
  region size 2048K, 23 young (47104K), 4 survivors (8192K)
 Metaspace       used 72757K, committed 73088K, reserved 1122304K
  class space    used 8014K, committed 8192K, reserved 1048576K
}
Event: 29.885 GC heap after
{Heap after GC invocations=34 (full 0):
 garbage-first heap   total 202752K, used 124190K [0x0000000702400000, 0x0000000800000000)
  region size 2048K, 3 young (6144K), 3 survivors (6144K)
 Metaspace       used 72757K, committed 73088K, reserved 1122304K
  class space    used 8014K, committed 8192K, reserved 1048576K
}
Event: 31.816 GC heap before
{Heap before GC invocations=34 (full 0):
 garbage-first heap   total 202752K, used 163102K [0x0000000702400000, 0x0000000800000000)
  region size 2048K, 22 young (45056K), 3 survivors (6144K)
 Metaspace       used 75943K, committed 76352K, reserved 1122304K
  class space    used 8344K, committed 8512K, reserved 1048576K
}
Event: 31.829 GC heap after
{Heap after GC invocations=35 (full 0):
 garbage-first heap   total 202752K, used 129315K [0x0000000702400000, 0x0000000800000000)
  region size 2048K, 3 young (6144K), 3 survivors (6144K)
 Metaspace       used 75943K, committed 76352K, reserved 1122304K
  class space    used 8344K, committed 8512K, reserved 1048576K
}

